<?xml version="1.0" encoding="UTF-8"?>
<!-- Generated by org.testng.reporters.JUnitXMLReporter -->
<testsuite ignored="0" hostname="LAPTOP-O76L7V94" failures="0" tests="2" name="Test" time="144.86" errors="0" timestamp="2024-09-23T15:27:30 IST">
  <testcase classname="campaign.create_camp_Regionaal_Regression" name="create_Product" time="70.565"/>
  <testcase classname="campaign.create_camp_Regionaal_Regression" name="create_camp_Regionaal_Regression" time="36.484"/>
</testsuite> <!-- Test -->
